0 info it worked if it ends with ok
1 verbose cli [ '/usr/bin/nodejs', '/usr/bin/npm', 'run', 'watch' ]
2 info using npm@3.5.2
3 info using node@v4.2.6
4 verbose run-script [ 'prewatch', 'watch', 'postwatch' ]
5 info lifecycle devportfolio-template@1.1.3~prewatch: devportfolio-template@1.1.3
6 silly lifecycle devportfolio-template@1.1.3~prewatch: no script for prewatch, continuing
7 info lifecycle devportfolio-template@1.1.3~watch: devportfolio-template@1.1.3
8 verbose lifecycle devportfolio-template@1.1.3~watch: unsafe-perm in lifecycle true
9 verbose lifecycle devportfolio-template@1.1.3~watch: PATH: /usr/share/npm/bin/node-gyp-bin:/home/weiyx/weiyx16.github.io/node_modules/.bin:/home/weiyx/torch/install/bin:/home/weiyx/torch/install/bin:/home/weiyx/anaconda3/bin:/usr/local/cuda-8.0/bin:/home/weiyx/torch/install/bin:/home/weiyx/torch/install/bin:/home/weiyx/bin:/home/weiyx/.local/bin:/usr/local/sbin:/usr/local/bin:/usr/sbin:/usr/bin:/sbin:/bin:/usr/games:/usr/local/games:/snap/bin
10 verbose lifecycle devportfolio-template@1.1.3~watch: CWD: /home/weiyx/weiyx16.github.io
11 silly lifecycle devportfolio-template@1.1.3~watch: Args: [ '-c', 'gulp watch' ]
12 silly lifecycle devportfolio-template@1.1.3~watch: Returned: code: 1  signal: null
13 info lifecycle devportfolio-template@1.1.3~watch: Failed to exec watch script
14 verbose stack Error: devportfolio-template@1.1.3 watch: `gulp watch`
14 verbose stack Exit status 1
14 verbose stack     at EventEmitter.<anonymous> (/usr/share/npm/lib/utils/lifecycle.js:232:16)
14 verbose stack     at emitTwo (events.js:87:13)
14 verbose stack     at EventEmitter.emit (events.js:172:7)
14 verbose stack     at ChildProcess.<anonymous> (/usr/share/npm/lib/utils/spawn.js:24:14)
14 verbose stack     at emitTwo (events.js:87:13)
14 verbose stack     at ChildProcess.emit (events.js:172:7)
14 verbose stack     at maybeClose (internal/child_process.js:821:16)
14 verbose stack     at Process.ChildProcess._handle.onexit (internal/child_process.js:211:5)
15 verbose pkgid devportfolio-template@1.1.3
16 verbose cwd /home/weiyx/weiyx16.github.io
17 error Linux 4.15.0-43-generic
18 error argv "/usr/bin/nodejs" "/usr/bin/npm" "run" "watch"
19 error node v4.2.6
20 error npm  v3.5.2
21 error code ELIFECYCLE
22 error devportfolio-template@1.1.3 watch: `gulp watch`
22 error Exit status 1
23 error Failed at the devportfolio-template@1.1.3 watch script 'gulp watch'.
23 error Make sure you have the latest version of node.js and npm installed.
23 error If you do, this is most likely a problem with the devportfolio-template package,
23 error not with npm itself.
23 error Tell the author that this fails on your system:
23 error     gulp watch
23 error You can get information on how to open an issue for this project with:
23 error     npm bugs devportfolio-template
23 error Or if that isn't available, you can get their info via:
23 error     npm owner ls devportfolio-template
23 error There is likely additional logging output above.
24 verbose exit [ 1, true ]
